alipay.com
www.alipay.com
mobile.alipay.com
openapi.alipay.com
mapi.alipay.com
globalmapi.alipay.com
sftp.alipay.com
alipayplus.com
api-eu-global.alipayplus.com
api-na-global.alipayplus.com
api-sea-global.alipayplus.com
open-eu-global.alipayplus.com
open-na-global.alipayplus.com
open-sea-global.alipayplus.com
isftp-eu.alipayplus.com
isftp-na.alipayplus.com
isftp-sea.alipayplus.com
alipaydns.com
mobilegw.alipaydns.com
datagw-edge.alipay.com
bailingual-assets.alipay.com
tbcache.com
aliyuncs.com
zoloz.com
zoloz.net